[      45ms] [INFO] %cDownload the React DevTools for a better development experience: https://react.dev/link/react-devtools font-weight:bold @ http://localhost:3002/_next/static/chunks/node_modules_next_dist_115brz8._.js:2431
[      60ms] [LOG] [HMR] connected @ http://localhost:3002/_next/static/chunks/node_modules_next_dist_115brz8._.js:2431
[   13653ms] [LOG] [Fast Refresh] rebuilding @ http://localhost:3002/_next/static/chunks/node_modules_next_dist_115brz8._.js:2431
[   14187ms] [LOG] [Fast Refresh] done in 635ms @ http://localhost:3002/_next/static/chunks/node_modules_next_dist_115brz8._.js:2431
[   14289ms] [LOG] [Fast Refresh] rebuilding @ http://localhost:3002/_next/static/chunks/node_modules_next_dist_115brz8._.js:2431
[   14671ms] [LOG] [Fast Refresh] done in 483ms @ http://localhost:3002/_next/static/chunks/node_modules_next_dist_115brz8._.js:2431
[   14772ms] [LOG] [Fast Refresh] rebuilding @ http://localhost:3002/_next/static/chunks/node_modules_next_dist_115brz8._.js:2431
[   15953ms] [LOG] [Fast Refresh] done in 1282ms @ http://localhost:3002/_next/static/chunks/node_modules_next_dist_115brz8._.js:2431
[   16055ms] [LOG] [Fast Refresh] rebuilding @ http://localhost:3002/_next/static/chunks/node_modules_next_dist_115brz8._.js:2431
[   16920ms] [LOG] [Fast Refresh] done in 967ms @ http://localhost:3002/_next/static/chunks/node_modules_next_dist_115brz8._.js:2431
[   17022ms] [LOG] [Fast Refresh] rebuilding @ http://localhost:3002/_next/static/chunks/node_modules_next_dist_115brz8._.js:2431
[  128697ms] [ERROR] WebSocket connection to 'ws://localhost:3002/_next/webpack-hmr?id=1OrObxvZw04ElViDHL-1g' failed: Error in connection establishment: net::ERR_CONNECTION_REFUSED @ http://localhost:3002/_next/static/chunks/node_modules_next_dist_client_0fhqo1d._.js:13299
[  129699ms] [ERROR] WebSocket connection to 'ws://localhost:3002/_next/webpack-hmr?id=1OrObxvZw04ElViDHL-1g' failed: Error in connection establishment: net::ERR_CONNECTION_REFUSED @ http://localhost:3002/_next/static/chunks/node_modules_next_dist_client_0fhqo1d._.js:13299
[  130702ms] [ERROR] WebSocket connection to 'ws://localhost:3002/_next/webpack-hmr?id=1OrObxvZw04ElViDHL-1g' failed: Error in connection establishment: net::ERR_CONNECTION_REFUSED @ http://localhost:3002/_next/static/chunks/node_modules_next_dist_client_0fhqo1d._.js:13299
[  131703ms] [ERROR] WebSocket connection to 'ws://localhost:3002/_next/webpack-hmr?id=1OrObxvZw04ElViDHL-1g' failed: Error in connection establishment: net::ERR_CONNECTION_REFUSED @ http://localhost:3002/_next/static/chunks/node_modules_next_dist_client_0fhqo1d._.js:13299
[  132705ms] [ERROR] WebSocket connection to 'ws://localhost:3002/_next/webpack-hmr?id=1OrObxvZw04ElViDHL-1g' failed: Error in connection establishment: net::ERR_CONNECTION_REFUSED @ http://localhost:3002/_next/static/chunks/node_modules_next_dist_client_0fhqo1d._.js:13299
[  137707ms] [ERROR] WebSocket connection to 'ws://localhost:3002/_next/webpack-hmr?id=1OrObxvZw04ElViDHL-1g' failed: Error in connection establishment: net::ERR_CONNECTION_REFUSED @ http://localhost:3002/_next/static/chunks/node_modules_next_dist_client_0fhqo1d._.js:13299
[  142712ms] [ERROR] WebSocket connection to 'ws://localhost:3002/_next/webpack-hmr?id=1OrObxvZw04ElViDHL-1g' failed: Error in connection establishment: net::ERR_CONNECTION_REFUSED @ http://localhost:3002/_next/static/chunks/node_modules_next_dist_client_0fhqo1d._.js:13299
[  147717ms] [ERROR] WebSocket connection to 'ws://localhost:3002/_next/webpack-hmr?id=1OrObxvZw04ElViDHL-1g' failed: Error in connection establishment: net::ERR_CONNECTION_REFUSED @ http://localhost:3002/_next/static/chunks/node_modules_next_dist_client_0fhqo1d._.js:13299
[  152719ms] [ERROR] WebSocket connection to 'ws://localhost:3002/_next/webpack-hmr?id=1OrObxvZw04ElViDHL-1g' failed: Error in connection establishment: net::ERR_CONNECTION_REFUSED @ http://localhost:3002/_next/static/chunks/node_modules_next_dist_client_0fhqo1d._.js:13299
[  157723ms] [ERROR] WebSocket connection to 'ws://localhost:3002/_next/webpack-hmr?id=1OrObxvZw04ElViDHL-1g' failed: Error in connection establishment: net::ERR_CONNECTION_REFUSED @ http://localhost:3002/_next/static/chunks/node_modules_next_dist_client_0fhqo1d._.js:13299
[  162725ms] [ERROR] WebSocket connection to 'ws://localhost:3002/_next/webpack-hmr?id=1OrObxvZw04ElViDHL-1g' failed: Error in connection establishment: net::ERR_CONNECTION_REFUSED @ http://localhost:3002/_next/static/chunks/node_modules_next_dist_client_0fhqo1d._.js:13299
[  167727ms] [ERROR] WebSocket connection to 'ws://localhost:3002/_next/webpack-hmr?id=1OrObxvZw04ElViDHL-1g' failed: Error in connection establishment: net::ERR_CONNECTION_REFUSED @ http://localhost:3002/_next/static/chunks/node_modules_next_dist_client_0fhqo1d._.js:13299
