[   21665ms] [ERROR] Encountered a script tag while rendering React component. Scripts inside React components are never executed when rendering on the client. Consider using template tag instead (https://developer.mozilla.org/en-US/docs/Web/HTML/Element/template). @ http://localhost:3002/_next/static/chunks/node_modules_next_dist_115brz8._.js:3272
[ 1632997ms] [ERROR] ./src/app/(dashboard)/items/item-form.tsx:571:11
Expected '</', got '{'
  569 |           </TabsContent>
  570 |
> 571 |           {/* ── Settings tab ── */}
      |           ^
  572 |           <TabsContent value="settings" keepMounted>
  573 |             <Card>
  574 |               <CardHeader>

Parsing ecmascript source code failed

Import trace:
  Server Component:
    ./src/app/(dashboard)/items/item-form.tsx
    ./src/app/(dashboard)/items/[id]/edit/page.tsx @ http://localhost:3002/_next/static/chunks/node_modules_next_dist_115brz8._.js:3272
[ 1633206ms] [ERROR] Failed to load resource: the server responded with a status of 500 (Internal Server Error) @ http://localhost:3002/factors/critical-analysis/edit?_rsc=1dap5:0
[ 1633232ms] [ERROR] ./src/app/(dashboard)/items/item-form.tsx:571:11
Expected '</', got '{'
  569 |           </TabsContent>
  570 |
> 571 |           {/* ── Settings tab ── */}
      |           ^
  572 |           <TabsContent value="settings" keepMounted>
  573 |             <Card>
  574 |               <CardHeader>

Parsing ecmascript source code failed

Import trace:
  Server Component:
    ./src/app/(dashboard)/items/item-form.tsx
    ./src/app/(dashboard)/items/[id]/edit/page.tsx @ http://localhost:3002/_next/static/chunks/node_modules_next_dist_115brz8._.js:3272
[ 1633291ms] [ERROR] Failed to load resource: the server responded with a status of 500 (Internal Server Error) @ http://localhost:3002/factors/critical-analysis/edit?_rsc=1dap5:0
[ 1633342ms] [ERROR] Failed to load resource: the server responded with a status of 500 (Internal Server Error) @ http://localhost:3002/factors/critical-analysis/edit:0
[ 1633547ms] Error: ./src/app/(dashboard)/items/item-form.tsx:571:11
Expected '</', got '{'
  569 |           </TabsContent>
  570 |
> 571 |           {/* ── Settings tab ── */}
      |           ^
  572 |           <TabsContent value="settings" keepMounted>
  573 |             <Card>
  574 |               <CardHeader>

Parsing ecmascript source code failed

Import trace:
  Server Component:
    ./src/app/(dashboard)/items/item-form.tsx
    ./src/app/(dashboard)/items/[id]/edit/page.tsx


    at <unknown> (Error: ./src/app/(dashboard)/items/item-form.tsx:571:11)
    at Object.getCompilationErrors (file:///Users/jasonhunt/projects/talent-fit/node_modules/next/dist/server/dev/hot-reloader-turbopack.js:1189:59)
    at DevBundlerService.getCompilationError (file:///Users/jasonhunt/projects/talent-fit/node_modules/next/dist/server/lib/dev-bundler-service.js:44:55)
    at DevServer.getCompilationError (file:///Users/jasonhunt/projects/talent-fit/node_modules/next/dist/server/dev/next-dev-server.js:719:42)
    at DevServer.findPageComponents (file:///Users/jasonhunt/projects/talent-fit/node_modules/next/dist/server/dev/next-dev-server.js:689:43)
    at async DevServer.renderErrorToResponseImpl (file:///Users/jasonhunt/projects/talent-fit/node_modules/next/dist/server/base-server.js:1745:26)
[ 1633624ms] [ERROR] ./src/app/(dashboard)/items/item-form.tsx:571:11
Expected '</', got '{'
  569 |           </TabsContent>
  570 |
> 571 |           {/* ── Settings tab ── */}
      |           ^
  572 |           <TabsContent value="settings" keepMounted>
  573 |             <Card>
  574 |               <CardHeader>

Parsing ecmascript source code failed

Import trace:
  Server Component:
    ./src/app/(dashboard)/items/item-form.tsx
    ./src/app/(dashboard)/items/[id]/edit/page.tsx @ http://localhost:3002/_next/static/chunks/node_modules_next_dist_0u_w_5s._.js:1945
[ 1633828ms] [ERROR] ./src/app/(dashboard)/items/item-form.tsx:571:11
Expected '</', got '{'
  569 |           </TabsContent>
  570 |
> 571 |           {/* ── Settings tab ── */}
      |           ^
  572 |           <TabsContent value="settings" keepMounted>
  573 |             <Card>
  574 |               <CardHeader>

Parsing ecmascript source code failed

Import trace:
  Server Component:
    ./src/app/(dashboard)/items/item-form.tsx
    ./src/app/(dashboard)/items/[id]/edit/page.tsx @ http://localhost:3002/_next/static/chunks/node_modules_next_dist_0u_w_5s._.js:1945
[ 1639367ms] [ERROR] ./src/app/(dashboard)/items/item-form.tsx:571:11
Expected '</', got '{'
  569 |           </TabsContent>
  570 |
> 571 |           {/* ── Settings tab ── */}
      |           ^
  572 |           <TabsContent value="settings" keepMounted>
  573 |             <Card>
  574 |               <CardHeader>

Parsing ecmascript source code failed

Import trace:
  Server Component:
    ./src/app/(dashboard)/items/item-form.tsx
    ./src/app/(dashboard)/items/[id]/edit/page.tsx @ http://localhost:3002/_next/static/chunks/node_modules_next_dist_0u_w_5s._.js:1945
[ 1639398ms] [ERROR] ./src/app/(dashboard)/items/item-form.tsx:571:11
Expected '</', got '{'
  569 |           </TabsContent>
  570 |
> 571 |           {/* ── Settings tab ── */}
      |           ^
  572 |           <TabsContent value="settings" keepMounted>
  573 |             <Card>
  574 |               <CardHeader>

Parsing ecmascript source code failed

Import trace:
  Server Component:
    ./src/app/(dashboard)/items/item-form.tsx
    ./src/app/(dashboard)/items/[id]/edit/page.tsx @ http://localhost:3002/_next/static/chunks/node_modules_next_dist_0u_w_5s._.js:1945
[ 1639588ms] [WARNING] [Fast Refresh] performing full reload

Fast Refresh will perform a full reload when you edit a file that's imported by modules outside of the React rendering tree.
You might have a file which exports a React component but also exports a value that is imported by a non-React component file.
Consider migrating the non-React component export to a separate file and importing it into both files.

It is also possible the parent component of the component you edited is a class component, which disables Fast Refresh.
Fast Refresh requires at least one parent function component in your React tree. @ http://localhost:3002/_next/static/chunks/node_modules_next_dist_0u_w_5s._.js:1226
[ 1639593ms] [WARNING] [Fast Refresh] performing full reload because your application had an unrecoverable error @ http://localhost:3002/_next/static/chunks/node_modules_next_dist_0u_w_5s._.js:1226
[ 1645049ms] [WARNING] The resource http://localhost:3002/_next/static/media/797e433ab948586e-s.p.0.q-h669a_dqa.woff2 was preloaded using link preload but not used within a few seconds from the window's load event. Please make sure it has an appropriate `as` value and it is preloaded intentionally. @ http://localhost:3002/factors/critical-analysis/edit:0
[ 1662366ms] [ERROR] Encountered a script tag while rendering React component. Scripts inside React components are never executed when rendering on the client. Consider using template tag instead (https://developer.mozilla.org/en-US/docs/Web/HTML/Element/template). @ http://localhost:3002/_next/static/chunks/node_modules_next_dist_115brz8._.js:3272
[ 1783330ms] [ERROR] Failed to load resource: the server responded with a status of 500 (Internal Server Error) @ http://localhost:3002/factors/critical-analysis/edit?_rsc=16kmx:0
[ 1783388ms] [ERROR] ./src/app/(dashboard)/items/item-list.tsx:416:16
Expected '</', got ')'
  414 |                   </AccordionPanel>
  415 |                 </AccordionItem>
> 416 |               ))}
      |                ^
  417 |             </Accordion>
  418 |           )}
  419 |

Parsing ecmascript source code failed

Import trace:
  Server Component:
    ./src/app/(dashboard)/items/item-list.tsx
    ./src/app/(dashboard)/items/page.tsx @ http://localhost:3002/_next/static/chunks/node_modules_next_dist_115brz8._.js:3272
[ 1783438ms] [ERROR] ./src/app/(dashboard)/items/item-list.tsx:416:16
Expected '</', got ')'
  414 |                   </AccordionPanel>
  415 |                 </AccordionItem>
> 416 |               ))}
      |                ^
  417 |             </Accordion>
  418 |           )}
  419 |

Parsing ecmascript source code failed

Import trace:
  Server Component:
    ./src/app/(dashboard)/items/item-list.tsx
    ./src/app/(dashboard)/items/page.tsx @ http://localhost:3002/_next/static/chunks/node_modules_next_dist_115brz8._.js:3272
[ 1783445ms] [ERROR] Failed to load resource: the server responded with a status of 500 (Internal Server Error) @ http://localhost:3002/factors/critical-analysis/edit:0
[ 1783550ms] Error: ./src/app/(dashboard)/items/item-list.tsx:416:16
Expected '</', got ')'
  414 |                   </AccordionPanel>
  415 |                 </AccordionItem>
> 416 |               ))}
      |                ^
  417 |             </Accordion>
  418 |           )}
  419 |

Parsing ecmascript source code failed

Import trace:
  Server Component:
    ./src/app/(dashboard)/items/item-list.tsx
    ./src/app/(dashboard)/items/page.tsx


    at <unknown> (Error: ./src/app/(dashboard)/items/item-list.tsx:416:16)
    at Object.getCompilationErrors (file:///Users/jasonhunt/projects/talent-fit/node_modules/next/dist/server/dev/hot-reloader-turbopack.js:1189:59)
    at DevBundlerService.getCompilationError (file:///Users/jasonhunt/projects/talent-fit/node_modules/next/dist/server/lib/dev-bundler-service.js:44:55)
    at DevServer.getCompilationError (file:///Users/jasonhunt/projects/talent-fit/node_modules/next/dist/server/dev/next-dev-server.js:719:42)
    at DevServer.findPageComponents (file:///Users/jasonhunt/projects/talent-fit/node_modules/next/dist/server/dev/next-dev-server.js:689:43)
    at async DevServer.renderErrorToResponseImpl (file:///Users/jasonhunt/projects/talent-fit/node_modules/next/dist/server/base-server.js:1745:26)
[ 1783546ms] [ERROR] ./src/app/(dashboard)/items/item-list.tsx:416:16
Expected '</', got ')'
  414 |                   </AccordionPanel>
  415 |                 </AccordionItem>
> 416 |               ))}
      |                ^
  417 |             </Accordion>
  418 |           )}
  419 |

Parsing ecmascript source code failed

Import trace:
  Server Component:
    ./src/app/(dashboard)/items/item-list.tsx
    ./src/app/(dashboard)/items/page.tsx @ http://localhost:3002/_next/static/chunks/node_modules_next_dist_0u_w_5s._.js:1945
[ 1783606ms] [ERROR] ./src/app/(dashboard)/items/item-list.tsx:416:16
Expected '</', got ')'
  414 |                   </AccordionPanel>
  415 |                 </AccordionItem>
> 416 |               ))}
      |                ^
  417 |             </Accordion>
  418 |           )}
  419 |

Parsing ecmascript source code failed

Import trace:
  Server Component:
    ./src/app/(dashboard)/items/item-list.tsx
    ./src/app/(dashboard)/items/page.tsx @ http://localhost:3002/_next/static/chunks/node_modules_next_dist_0u_w_5s._.js:1945
[ 1791311ms] [ERROR] ./src/app/(dashboard)/items/item-list.tsx:416:16
Expected '</', got ')'
  414 |                   </AccordionPanel>
  415 |                 </AccordionItem>
> 416 |               ))}
      |                ^
  417 |             </Accordion>
  418 |           )}
  419 |

Parsing ecmascript source code failed

Import trace:
  Server Component:
    ./src/app/(dashboard)/items/item-list.tsx
    ./src/app/(dashboard)/items/page.tsx @ http://localhost:3002/_next/static/chunks/node_modules_next_dist_0u_w_5s._.js:1945
[ 1793078ms] [ERROR] ./src/app/(dashboard)/items/item-list.tsx:419:16
Expected '</', got ')'
  417 |                   </AccordionPanel>
  418 |                 </AccordionItem>
> 419 |               ))}
      |                ^
  420 |             </Accordion>
  421 |           )}
  422 |

Parsing ecmascript source code failed

Import trace:
  Server Component:
    ./src/app/(dashboard)/items/item-list.tsx
    ./src/app/(dashboard)/items/page.tsx @ http://localhost:3002/_next/static/chunks/node_modules_next_dist_0u_w_5s._.js:1945
[ 1798418ms] [ERROR] ./src/app/(dashboard)/items/item-list.tsx:419:16
Expected '</', got ')'
  417 |                   </AccordionPanel>
  418 |                 </AccordionItem>
> 419 |               ))}
      |                ^
  420 |             </Accordion>
  421 |           )}
  422 |

Parsing ecmascript source code failed

Import trace:
  Server Component:
    ./src/app/(dashboard)/items/item-list.tsx
    ./src/app/(dashboard)/items/page.tsx @ http://localhost:3002/_next/static/chunks/node_modules_next_dist_0u_w_5s._.js:1945
[ 1807882ms] [ERROR] ./src/app/(dashboard)/items/item-list.tsx:425:16
Expected '</', got ')'
  423 |                   </AccordionPanel>
  424 |                 </AccordionItem>
> 425 |               ))}
      |                ^
  426 |             </Accordion>
  427 |           )}
  428 |

Parsing ecmascript source code failed

Import trace:
  Server Component:
    ./src/app/(dashboard)/items/item-list.tsx
    ./src/app/(dashboard)/items/page.tsx @ http://localhost:3002/_next/static/chunks/node_modules_next_dist_0u_w_5s._.js:1945
[ 2272296ms] [ERROR] %o

%s Error: column response_formats.deleted_at does not exist
    at getResponseFormats (about://React/Server/file:///Users/jasonhunt/projects/talent-fit/.next/dev/server/chunks/ssr/_0tjp2f9._.js?116:603:22)
    at  ResponseFormatsPage (about://React/Server/file:///Users/jasonhunt/projects/talent-fit/.next/dev/server/chunks/ssr/%5Broot-of-the-server%5D__0g0~8kp._.js?117:76:21)
    at resolveErrorDev (http://localhost:3002/_next/static/chunks/node_modules_next_dist_compiled_react-server-dom-turbopack_0p3wegg._.js:1919:150)
    at processFullStringRow (http://localhost:3002/_next/static/chunks/node_modules_next_dist_compiled_react-server-dom-turbopack_0p3wegg._.js:2434:29)
    at processFullBinaryRow (http://localhost:3002/_next/static/chunks/node_modules_next_dist_compiled_react-server-dom-turbopack_0p3wegg._.js:2393:9)
    at processBinaryChunk (http://localhost:3002/_next/static/chunks/node_modules_next_dist_compiled_react-server-dom-turbopack_0p3wegg._.js:2502:221)
    at progress (http://localhost:3002/_next/static/chunks/node_modules_next_dist_compiled_react-server-dom-turbopack_0p3wegg._.js:2689:13) The above error occurred in the <ResponseFormatsPage> component. It was handled by the <ErrorBoundaryHandler> error boundary. @ http://localhost:3002/_next/static/chunks/node_modules_next_dist_client_0fhqo1d._.js:1998
[ 2272302ms] [ERROR] Error: column response_formats.deleted_at does not exist
    at getResponseFormats (about://React/Server/file:///Users/jasonhunt/projects/talent-fit/.next/dev/server/chunks/ssr/_0tjp2f9._.js?116:603:22)
    at  ResponseFormatsPage (about://React/Server/file:///Users/jasonhunt/projects/talent-fit/.next/dev/server/chunks/ssr/%5Broot-of-the-server%5D__0g0~8kp._.js?117:76:21)
    at resolveErrorDev (http://localhost:3002/_next/static/chunks/node_modules_next_dist_compiled_react-server-dom-turbopack_0p3wegg._.js:1919:150)
    at processFullStringRow (http://localhost:3002/_next/static/chunks/node_modules_next_dist_compiled_react-server-dom-turbopack_0p3wegg._.js:2434:29)
    at processFullBinaryRow (http://localhost:3002/_next/static/chunks/node_modules_next_dist_compiled_react-server-dom-turbopack_0p3wegg._.js:2393:9)
    at processBinaryChunk (http://localhost:3002/_next/static/chunks/node_modules_next_dist_compiled_react-server-dom-turbopack_0p3wegg._.js:2502:221)
    at progress (http://localhost:3002/_next/static/chunks/node_modules_next_dist_compiled_react-server-dom-turbopack_0p3wegg._.js:2689:13) @ http://localhost:3002/_next/static/chunks/node_modules_next_dist_115brz8._.js:3272
[ 2272302ms] [ERROR] Error: column response_formats.deleted_at does not exist
    at getResponseFormats (about://React/Server/file:///Users/jasonhunt/projects/talent-fit/.next/dev/server/chunks/ssr/_0tjp2f9._.js?116:603:22)
    at  ResponseFormatsPage (about://React/Server/file:///Users/jasonhunt/projects/talent-fit/.next/dev/server/chunks/ssr/%5Broot-of-the-server%5D__0g0~8kp._.js?117:76:21)
    at resolveErrorDev (http://localhost:3002/_next/static/chunks/node_modules_next_dist_compiled_react-server-dom-turbopack_0p3wegg._.js:1919:150)
    at processFullStringRow (http://localhost:3002/_next/static/chunks/node_modules_next_dist_compiled_react-server-dom-turbopack_0p3wegg._.js:2434:29)
    at processFullBinaryRow (http://localhost:3002/_next/static/chunks/node_modules_next_dist_compiled_react-server-dom-turbopack_0p3wegg._.js:2393:9)
    at processBinaryChunk (http://localhost:3002/_next/static/chunks/node_modules_next_dist_compiled_react-server-dom-turbopack_0p3wegg._.js:2502:221)
    at progress (http://localhost:3002/_next/static/chunks/node_modules_next_dist_compiled_react-server-dom-turbopack_0p3wegg._.js:2689:13) @ http://localhost:3002/_next/static/chunks/node_modules_next_dist_115brz8._.js:3272
[ 2275028ms] [ERROR] %o

%s Error: column forced_choice_blocks.deleted_at does not exist
    at getForcedChoiceBlocks (about://React/Server/file:///Users/jasonhunt/projects/talent-fit/.next/dev/server/chunks/ssr/_0oe0tv7._.js?138:642:22)
    at  ForcedChoiceBlocksPage (about://React/Server/file:///Users/jasonhunt/projects/talent-fit/.next/dev/server/chunks/ssr/%5Broot-of-the-server%5D__0cztxr6._.js?139:76:20)
    at resolveErrorDev (http://localhost:3002/_next/static/chunks/node_modules_next_dist_compiled_react-server-dom-turbopack_0p3wegg._.js:1919:150)
    at processFullStringRow (http://localhost:3002/_next/static/chunks/node_modules_next_dist_compiled_react-server-dom-turbopack_0p3wegg._.js:2434:29)
    at processFullBinaryRow (http://localhost:3002/_next/static/chunks/node_modules_next_dist_compiled_react-server-dom-turbopack_0p3wegg._.js:2393:9)
    at processBinaryChunk (http://localhost:3002/_next/static/chunks/node_modules_next_dist_compiled_react-server-dom-turbopack_0p3wegg._.js:2502:221)
    at progress (http://localhost:3002/_next/static/chunks/node_modules_next_dist_compiled_react-server-dom-turbopack_0p3wegg._.js:2689:13) The above error occurred in the <ForcedChoiceBlocksPage> component. It was handled by the <ErrorBoundaryHandler> error boundary. @ http://localhost:3002/_next/static/chunks/node_modules_next_dist_client_0fhqo1d._.js:1998
[ 2275031ms] [ERROR] Error: column forced_choice_blocks.deleted_at does not exist
    at getForcedChoiceBlocks (about://React/Server/file:///Users/jasonhunt/projects/talent-fit/.next/dev/server/chunks/ssr/_0oe0tv7._.js?138:642:22)
    at  ForcedChoiceBlocksPage (about://React/Server/file:///Users/jasonhunt/projects/talent-fit/.next/dev/server/chunks/ssr/%5Broot-of-the-server%5D__0cztxr6._.js?139:76:20)
    at resolveErrorDev (http://localhost:3002/_next/static/chunks/node_modules_next_dist_compiled_react-server-dom-turbopack_0p3wegg._.js:1919:150)
    at processFullStringRow (http://localhost:3002/_next/static/chunks/node_modules_next_dist_compiled_react-server-dom-turbopack_0p3wegg._.js:2434:29)
    at processFullBinaryRow (http://localhost:3002/_next/static/chunks/node_modules_next_dist_compiled_react-server-dom-turbopack_0p3wegg._.js:2393:9)
    at processBinaryChunk (http://localhost:3002/_next/static/chunks/node_modules_next_dist_compiled_react-server-dom-turbopack_0p3wegg._.js:2502:221)
    at progress (http://localhost:3002/_next/static/chunks/node_modules_next_dist_compiled_react-server-dom-turbopack_0p3wegg._.js:2689:13) @ http://localhost:3002/_next/static/chunks/node_modules_next_dist_115brz8._.js:3272
[ 2275032ms] [ERROR] Error: column forced_choice_blocks.deleted_at does not exist
    at getForcedChoiceBlocks (about://React/Server/file:///Users/jasonhunt/projects/talent-fit/.next/dev/server/chunks/ssr/_0oe0tv7._.js?138:642:22)
    at  ForcedChoiceBlocksPage (about://React/Server/file:///Users/jasonhunt/projects/talent-fit/.next/dev/server/chunks/ssr/%5Broot-of-the-server%5D__0cztxr6._.js?139:76:20)
    at resolveErrorDev (http://localhost:3002/_next/static/chunks/node_modules_next_dist_compiled_react-server-dom-turbopack_0p3wegg._.js:1919:150)
    at processFullStringRow (http://localhost:3002/_next/static/chunks/node_modules_next_dist_compiled_react-server-dom-turbopack_0p3wegg._.js:2434:29)
    at processFullBinaryRow (http://localhost:3002/_next/static/chunks/node_modules_next_dist_compiled_react-server-dom-turbopack_0p3wegg._.js:2393:9)
    at processBinaryChunk (http://localhost:3002/_next/static/chunks/node_modules_next_dist_compiled_react-server-dom-turbopack_0p3wegg._.js:2502:221)
    at progress (http://localhost:3002/_next/static/chunks/node_modules_next_dist_compiled_react-server-dom-turbopack_0p3wegg._.js:2689:13) @ http://localhost:3002/_next/static/chunks/node_modules_next_dist_115brz8._.js:3272
[ 2278935ms] [ERROR] %o

%s Error: column response_formats.deleted_at does not exist
    at getResponseFormats (about://React/Server/file:///Users/jasonhunt/projects/talent-fit/.next/dev/server/chunks/ssr/_0tjp2f9._.js?116:603:22)
    at  ResponseFormatsPage (about://React/Server/file:///Users/jasonhunt/projects/talent-fit/.next/dev/server/chunks/ssr/%5Broot-of-the-server%5D__0g0~8kp._.js?117:76:21)
    at resolveErrorDev (http://localhost:3002/_next/static/chunks/node_modules_next_dist_compiled_react-server-dom-turbopack_0p3wegg._.js:1919:150)
    at processFullStringRow (http://localhost:3002/_next/static/chunks/node_modules_next_dist_compiled_react-server-dom-turbopack_0p3wegg._.js:2434:29)
    at processFullBinaryRow (http://localhost:3002/_next/static/chunks/node_modules_next_dist_compiled_react-server-dom-turbopack_0p3wegg._.js:2393:9)
    at processBinaryChunk (http://localhost:3002/_next/static/chunks/node_modules_next_dist_compiled_react-server-dom-turbopack_0p3wegg._.js:2502:221)
    at progress (http://localhost:3002/_next/static/chunks/node_modules_next_dist_compiled_react-server-dom-turbopack_0p3wegg._.js:2689:13) The above error occurred in the <ResponseFormatsPage> component. It was handled by the <ErrorBoundaryHandler> error boundary. @ http://localhost:3002/_next/static/chunks/node_modules_next_dist_client_0fhqo1d._.js:1998
[ 2278936ms] [ERROR] Error: column response_formats.deleted_at does not exist
    at getResponseFormats (about://React/Server/file:///Users/jasonhunt/projects/talent-fit/.next/dev/server/chunks/ssr/_0tjp2f9._.js?116:603:22)
    at  ResponseFormatsPage (about://React/Server/file:///Users/jasonhunt/projects/talent-fit/.next/dev/server/chunks/ssr/%5Broot-of-the-server%5D__0g0~8kp._.js?117:76:21)
    at resolveErrorDev (http://localhost:3002/_next/static/chunks/node_modules_next_dist_compiled_react-server-dom-turbopack_0p3wegg._.js:1919:150)
    at processFullStringRow (http://localhost:3002/_next/static/chunks/node_modules_next_dist_compiled_react-server-dom-turbopack_0p3wegg._.js:2434:29)
    at processFullBinaryRow (http://localhost:3002/_next/static/chunks/node_modules_next_dist_compiled_react-server-dom-turbopack_0p3wegg._.js:2393:9)
    at processBinaryChunk (http://localhost:3002/_next/static/chunks/node_modules_next_dist_compiled_react-server-dom-turbopack_0p3wegg._.js:2502:221)
    at progress (http://localhost:3002/_next/static/chunks/node_modules_next_dist_compiled_react-server-dom-turbopack_0p3wegg._.js:2689:13) @ http://localhost:3002/_next/static/chunks/node_modules_next_dist_115brz8._.js:3272
[ 2278936ms] [ERROR] Error: column response_formats.deleted_at does not exist
    at getResponseFormats (about://React/Server/file:///Users/jasonhunt/projects/talent-fit/.next/dev/server/chunks/ssr/_0tjp2f9._.js?116:603:22)
    at  ResponseFormatsPage (about://React/Server/file:///Users/jasonhunt/projects/talent-fit/.next/dev/server/chunks/ssr/%5Broot-of-the-server%5D__0g0~8kp._.js?117:76:21)
    at resolveErrorDev (http://localhost:3002/_next/static/chunks/node_modules_next_dist_compiled_react-server-dom-turbopack_0p3wegg._.js:1919:150)
    at processFullStringRow (http://localhost:3002/_next/static/chunks/node_modules_next_dist_compiled_react-server-dom-turbopack_0p3wegg._.js:2434:29)
    at processFullBinaryRow (http://localhost:3002/_next/static/chunks/node_modules_next_dist_compiled_react-server-dom-turbopack_0p3wegg._.js:2393:9)
    at processBinaryChunk (http://localhost:3002/_next/static/chunks/node_modules_next_dist_compiled_react-server-dom-turbopack_0p3wegg._.js:2502:221)
    at progress (http://localhost:3002/_next/static/chunks/node_modules_next_dist_compiled_react-server-dom-turbopack_0p3wegg._.js:2689:13) @ http://localhost:3002/_next/static/chunks/node_modules_next_dist_115brz8._.js:3272
[ 2335774ms] [ERROR] %o

%s Error: column response_formats.deleted_at does not exist
    at getResponseFormats (about://React/Server/file:///Users/jasonhunt/projects/talent-fit/.next/dev/server/chunks/ssr/_0tjp2f9._.js?116:603:22)
    at  ResponseFormatsPage (about://React/Server/file:///Users/jasonhunt/projects/talent-fit/.next/dev/server/chunks/ssr/%5Broot-of-the-server%5D__0g0~8kp._.js?117:76:21)
    at resolveErrorDev (http://localhost:3002/_next/static/chunks/node_modules_next_dist_compiled_react-server-dom-turbopack_0p3wegg._.js:1919:150)
    at processFullStringRow (http://localhost:3002/_next/static/chunks/node_modules_next_dist_compiled_react-server-dom-turbopack_0p3wegg._.js:2434:29)
    at processFullBinaryRow (http://localhost:3002/_next/static/chunks/node_modules_next_dist_compiled_react-server-dom-turbopack_0p3wegg._.js:2393:9)
    at processBinaryChunk (http://localhost:3002/_next/static/chunks/node_modules_next_dist_compiled_react-server-dom-turbopack_0p3wegg._.js:2502:221)
    at progress (http://localhost:3002/_next/static/chunks/node_modules_next_dist_compiled_react-server-dom-turbopack_0p3wegg._.js:2689:13) The above error occurred in the <ResponseFormatsPage> component. It was handled by the <ErrorBoundaryHandler> error boundary. @ http://localhost:3002/_next/static/chunks/node_modules_next_dist_client_0fhqo1d._.js:1998
[ 2335775ms] [ERROR] Error: column response_formats.deleted_at does not exist
    at getResponseFormats (about://React/Server/file:///Users/jasonhunt/projects/talent-fit/.next/dev/server/chunks/ssr/_0tjp2f9._.js?116:603:22)
    at  ResponseFormatsPage (about://React/Server/file:///Users/jasonhunt/projects/talent-fit/.next/dev/server/chunks/ssr/%5Broot-of-the-server%5D__0g0~8kp._.js?117:76:21)
    at resolveErrorDev (http://localhost:3002/_next/static/chunks/node_modules_next_dist_compiled_react-server-dom-turbopack_0p3wegg._.js:1919:150)
    at processFullStringRow (http://localhost:3002/_next/static/chunks/node_modules_next_dist_compiled_react-server-dom-turbopack_0p3wegg._.js:2434:29)
    at processFullBinaryRow (http://localhost:3002/_next/static/chunks/node_modules_next_dist_compiled_react-server-dom-turbopack_0p3wegg._.js:2393:9)
    at processBinaryChunk (http://localhost:3002/_next/static/chunks/node_modules_next_dist_compiled_react-server-dom-turbopack_0p3wegg._.js:2502:221)
    at progress (http://localhost:3002/_next/static/chunks/node_modules_next_dist_compiled_react-server-dom-turbopack_0p3wegg._.js:2689:13) @ http://localhost:3002/_next/static/chunks/node_modules_next_dist_115brz8._.js:3272
[ 2335775ms] [ERROR] Error: column response_formats.deleted_at does not exist
    at getResponseFormats (about://React/Server/file:///Users/jasonhunt/projects/talent-fit/.next/dev/server/chunks/ssr/_0tjp2f9._.js?116:603:22)
    at  ResponseFormatsPage (about://React/Server/file:///Users/jasonhunt/projects/talent-fit/.next/dev/server/chunks/ssr/%5Broot-of-the-server%5D__0g0~8kp._.js?117:76:21)
    at resolveErrorDev (http://localhost:3002/_next/static/chunks/node_modules_next_dist_compiled_react-server-dom-turbopack_0p3wegg._.js:1919:150)
    at processFullStringRow (http://localhost:3002/_next/static/chunks/node_modules_next_dist_compiled_react-server-dom-turbopack_0p3wegg._.js:2434:29)
    at processFullBinaryRow (http://localhost:3002/_next/static/chunks/node_modules_next_dist_compiled_react-server-dom-turbopack_0p3wegg._.js:2393:9)
    at processBinaryChunk (http://localhost:3002/_next/static/chunks/node_modules_next_dist_compiled_react-server-dom-turbopack_0p3wegg._.js:2502:221)
    at progress (http://localhost:3002/_next/static/chunks/node_modules_next_dist_compiled_react-server-dom-turbopack_0p3wegg._.js:2689:13) @ http://localhost:3002/_next/static/chunks/node_modules_next_dist_115brz8._.js:3272
[ 2336938ms] [ERROR] %o

%s Error: column response_formats.deleted_at does not exist
    at getResponseFormats (about://React/Server/file:///Users/jasonhunt/projects/talent-fit/.next/dev/server/chunks/ssr/_0tjp2f9._.js?116:603:22)
    at  ResponseFormatsPage (about://React/Server/file:///Users/jasonhunt/projects/talent-fit/.next/dev/server/chunks/ssr/%5Broot-of-the-server%5D__0g0~8kp._.js?117:76:21)
    at resolveErrorDev (http://localhost:3002/_next/static/chunks/node_modules_next_dist_compiled_react-server-dom-turbopack_0p3wegg._.js:1919:150)
    at processFullStringRow (http://localhost:3002/_next/static/chunks/node_modules_next_dist_compiled_react-server-dom-turbopack_0p3wegg._.js:2434:29)
    at processFullBinaryRow (http://localhost:3002/_next/static/chunks/node_modules_next_dist_compiled_react-server-dom-turbopack_0p3wegg._.js:2393:9)
    at processBinaryChunk (http://localhost:3002/_next/static/chunks/node_modules_next_dist_compiled_react-server-dom-turbopack_0p3wegg._.js:2502:221)
    at progress (http://localhost:3002/_next/static/chunks/node_modules_next_dist_compiled_react-server-dom-turbopack_0p3wegg._.js:2689:13) The above error occurred in the <ResponseFormatsPage> component. It was handled by the <ErrorBoundaryHandler> error boundary. @ http://localhost:3002/_next/static/chunks/node_modules_next_dist_client_0fhqo1d._.js:1998
[ 2336939ms] [ERROR] Error: column response_formats.deleted_at does not exist
    at getResponseFormats (about://React/Server/file:///Users/jasonhunt/projects/talent-fit/.next/dev/server/chunks/ssr/_0tjp2f9._.js?116:603:22)
    at  ResponseFormatsPage (about://React/Server/file:///Users/jasonhunt/projects/talent-fit/.next/dev/server/chunks/ssr/%5Broot-of-the-server%5D__0g0~8kp._.js?117:76:21)
    at resolveErrorDev (http://localhost:3002/_next/static/chunks/node_modules_next_dist_compiled_react-server-dom-turbopack_0p3wegg._.js:1919:150)
    at processFullStringRow (http://localhost:3002/_next/static/chunks/node_modules_next_dist_compiled_react-server-dom-turbopack_0p3wegg._.js:2434:29)
    at processFullBinaryRow (http://localhost:3002/_next/static/chunks/node_modules_next_dist_compiled_react-server-dom-turbopack_0p3wegg._.js:2393:9)
    at processBinaryChunk (http://localhost:3002/_next/static/chunks/node_modules_next_dist_compiled_react-server-dom-turbopack_0p3wegg._.js:2502:221)
    at progress (http://localhost:3002/_next/static/chunks/node_modules_next_dist_compiled_react-server-dom-turbopack_0p3wegg._.js:2689:13) @ http://localhost:3002/_next/static/chunks/node_modules_next_dist_115brz8._.js:3272
[ 2336939ms] [ERROR] Error: column response_formats.deleted_at does not exist
    at getResponseFormats (about://React/Server/file:///Users/jasonhunt/projects/talent-fit/.next/dev/server/chunks/ssr/_0tjp2f9._.js?116:603:22)
    at  ResponseFormatsPage (about://React/Server/file:///Users/jasonhunt/projects/talent-fit/.next/dev/server/chunks/ssr/%5Broot-of-the-server%5D__0g0~8kp._.js?117:76:21)
    at resolveErrorDev (http://localhost:3002/_next/static/chunks/node_modules_next_dist_compiled_react-server-dom-turbopack_0p3wegg._.js:1919:150)
    at processFullStringRow (http://localhost:3002/_next/static/chunks/node_modules_next_dist_compiled_react-server-dom-turbopack_0p3wegg._.js:2434:29)
    at processFullBinaryRow (http://localhost:3002/_next/static/chunks/node_modules_next_dist_compiled_react-server-dom-turbopack_0p3wegg._.js:2393:9)
    at processBinaryChunk (http://localhost:3002/_next/static/chunks/node_modules_next_dist_compiled_react-server-dom-turbopack_0p3wegg._.js:2502:221)
    at progress (http://localhost:3002/_next/static/chunks/node_modules_next_dist_compiled_react-server-dom-turbopack_0p3wegg._.js:2689:13) @ http://localhost:3002/_next/static/chunks/node_modules_next_dist_115brz8._.js:3272
[ 2338956ms] [ERROR] %o

%s Error: column forced_choice_blocks.deleted_at does not exist
    at getForcedChoiceBlocks (about://React/Server/file:///Users/jasonhunt/projects/talent-fit/.next/dev/server/chunks/ssr/_0oe0tv7._.js?138:642:22)
    at  ForcedChoiceBlocksPage (about://React/Server/file:///Users/jasonhunt/projects/talent-fit/.next/dev/server/chunks/ssr/%5Broot-of-the-server%5D__0cztxr6._.js?139:76:20)
    at resolveErrorDev (http://localhost:3002/_next/static/chunks/node_modules_next_dist_compiled_react-server-dom-turbopack_0p3wegg._.js:1919:150)
    at processFullStringRow (http://localhost:3002/_next/static/chunks/node_modules_next_dist_compiled_react-server-dom-turbopack_0p3wegg._.js:2434:29)
    at processFullBinaryRow (http://localhost:3002/_next/static/chunks/node_modules_next_dist_compiled_react-server-dom-turbopack_0p3wegg._.js:2393:9)
    at processBinaryChunk (http://localhost:3002/_next/static/chunks/node_modules_next_dist_compiled_react-server-dom-turbopack_0p3wegg._.js:2502:221)
    at progress (http://localhost:3002/_next/static/chunks/node_modules_next_dist_compiled_react-server-dom-turbopack_0p3wegg._.js:2689:13) The above error occurred in the <ForcedChoiceBlocksPage> component. It was handled by the <ErrorBoundaryHandler> error boundary. @ http://localhost:3002/_next/static/chunks/node_modules_next_dist_client_0fhqo1d._.js:1998
[ 2338956ms] [ERROR] Error: column forced_choice_blocks.deleted_at does not exist
    at getForcedChoiceBlocks (about://React/Server/file:///Users/jasonhunt/projects/talent-fit/.next/dev/server/chunks/ssr/_0oe0tv7._.js?138:642:22)
    at  ForcedChoiceBlocksPage (about://React/Server/file:///Users/jasonhunt/projects/talent-fit/.next/dev/server/chunks/ssr/%5Broot-of-the-server%5D__0cztxr6._.js?139:76:20)
    at resolveErrorDev (http://localhost:3002/_next/static/chunks/node_modules_next_dist_compiled_react-server-dom-turbopack_0p3wegg._.js:1919:150)
    at processFullStringRow (http://localhost:3002/_next/static/chunks/node_modules_next_dist_compiled_react-server-dom-turbopack_0p3wegg._.js:2434:29)
    at processFullBinaryRow (http://localhost:3002/_next/static/chunks/node_modules_next_dist_compiled_react-server-dom-turbopack_0p3wegg._.js:2393:9)
    at processBinaryChunk (http://localhost:3002/_next/static/chunks/node_modules_next_dist_compiled_react-server-dom-turbopack_0p3wegg._.js:2502:221)
    at progress (http://localhost:3002/_next/static/chunks/node_modules_next_dist_compiled_react-server-dom-turbopack_0p3wegg._.js:2689:13) @ http://localhost:3002/_next/static/chunks/node_modules_next_dist_115brz8._.js:3272
[ 2338957ms] [ERROR] Error: column forced_choice_blocks.deleted_at does not exist
    at getForcedChoiceBlocks (about://React/Server/file:///Users/jasonhunt/projects/talent-fit/.next/dev/server/chunks/ssr/_0oe0tv7._.js?138:642:22)
    at  ForcedChoiceBlocksPage (about://React/Server/file:///Users/jasonhunt/projects/talent-fit/.next/dev/server/chunks/ssr/%5Broot-of-the-server%5D__0cztxr6._.js?139:76:20)
    at resolveErrorDev (http://localhost:3002/_next/static/chunks/node_modules_next_dist_compiled_react-server-dom-turbopack_0p3wegg._.js:1919:150)
    at processFullStringRow (http://localhost:3002/_next/static/chunks/node_modules_next_dist_compiled_react-server-dom-turbopack_0p3wegg._.js:2434:29)
    at processFullBinaryRow (http://localhost:3002/_next/static/chunks/node_modules_next_dist_compiled_react-server-dom-turbopack_0p3wegg._.js:2393:9)
    at processBinaryChunk (http://localhost:3002/_next/static/chunks/node_modules_next_dist_compiled_react-server-dom-turbopack_0p3wegg._.js:2502:221)
    at progress (http://localhost:3002/_next/static/chunks/node_modules_next_dist_compiled_react-server-dom-turbopack_0p3wegg._.js:2689:13) @ http://localhost:3002/_next/static/chunks/node_modules_next_dist_115brz8._.js:3272
[ 2457200ms] [ERROR] useInsertionEffect must not schedule updates. @ http://localhost:3002/_next/static/chunks/node_modules_next_dist_115brz8._.js:3272
[ 2541049ms] [ERROR] Failed to load resource: the server responded with a status of 404 (Not Found) @ http://localhost:3002/item-rules?_rsc=1m03t:0
[ 2544776ms] [ERROR] useInsertionEffect must not schedule updates. @ http://localhost:3002/_next/static/chunks/node_modules_next_dist_115brz8._.js:3272
[ 2545486ms] [ERROR] %o

%s Error: column forced_choice_blocks.deleted_at does not exist
    at getForcedChoiceBlocks (about://React/Server/file:///Users/jasonhunt/projects/talent-fit/.next/dev/server/chunks/ssr/_0oe0tv7._.js?138:642:22)
    at  ForcedChoiceBlocksPage (about://React/Server/file:///Users/jasonhunt/projects/talent-fit/.next/dev/server/chunks/ssr/%5Broot-of-the-server%5D__0cztxr6._.js?139:76:20)
    at resolveErrorDev (http://localhost:3002/_next/static/chunks/node_modules_next_dist_compiled_react-server-dom-turbopack_0p3wegg._.js:1919:150)
    at processFullStringRow (http://localhost:3002/_next/static/chunks/node_modules_next_dist_compiled_react-server-dom-turbopack_0p3wegg._.js:2434:29)
    at processFullBinaryRow (http://localhost:3002/_next/static/chunks/node_modules_next_dist_compiled_react-server-dom-turbopack_0p3wegg._.js:2393:9)
    at processBinaryChunk (http://localhost:3002/_next/static/chunks/node_modules_next_dist_compiled_react-server-dom-turbopack_0p3wegg._.js:2502:221)
    at progress (http://localhost:3002/_next/static/chunks/node_modules_next_dist_compiled_react-server-dom-turbopack_0p3wegg._.js:2689:13) The above error occurred in the <ForcedChoiceBlocksPage> component. It was handled by the <ErrorBoundaryHandler> error boundary. @ http://localhost:3002/_next/static/chunks/node_modules_next_dist_client_0fhqo1d._.js:1998
[ 2545490ms] [ERROR] Error: column forced_choice_blocks.deleted_at does not exist
    at getForcedChoiceBlocks (about://React/Server/file:///Users/jasonhunt/projects/talent-fit/.next/dev/server/chunks/ssr/_0oe0tv7._.js?138:642:22)
    at  ForcedChoiceBlocksPage (about://React/Server/file:///Users/jasonhunt/projects/talent-fit/.next/dev/server/chunks/ssr/%5Broot-of-the-server%5D__0cztxr6._.js?139:76:20)
    at resolveErrorDev (http://localhost:3002/_next/static/chunks/node_modules_next_dist_compiled_react-server-dom-turbopack_0p3wegg._.js:1919:150)
    at processFullStringRow (http://localhost:3002/_next/static/chunks/node_modules_next_dist_compiled_react-server-dom-turbopack_0p3wegg._.js:2434:29)
    at processFullBinaryRow (http://localhost:3002/_next/static/chunks/node_modules_next_dist_compiled_react-server-dom-turbopack_0p3wegg._.js:2393:9)
    at processBinaryChunk (http://localhost:3002/_next/static/chunks/node_modules_next_dist_compiled_react-server-dom-turbopack_0p3wegg._.js:2502:221)
    at progress (http://localhost:3002/_next/static/chunks/node_modules_next_dist_compiled_react-server-dom-turbopack_0p3wegg._.js:2689:13) @ http://localhost:3002/_next/static/chunks/node_modules_next_dist_115brz8._.js:3272
[ 2545490ms] [ERROR] Error: column forced_choice_blocks.deleted_at does not exist
    at getForcedChoiceBlocks (about://React/Server/file:///Users/jasonhunt/projects/talent-fit/.next/dev/server/chunks/ssr/_0oe0tv7._.js?138:642:22)
    at  ForcedChoiceBlocksPage (about://React/Server/file:///Users/jasonhunt/projects/talent-fit/.next/dev/server/chunks/ssr/%5Broot-of-the-server%5D__0cztxr6._.js?139:76:20)
    at resolveErrorDev (http://localhost:3002/_next/static/chunks/node_modules_next_dist_compiled_react-server-dom-turbopack_0p3wegg._.js:1919:150)
    at processFullStringRow (http://localhost:3002/_next/static/chunks/node_modules_next_dist_compiled_react-server-dom-turbopack_0p3wegg._.js:2434:29)
    at processFullBinaryRow (http://localhost:3002/_next/static/chunks/node_modules_next_dist_compiled_react-server-dom-turbopack_0p3wegg._.js:2393:9)
    at processBinaryChunk (http://localhost:3002/_next/static/chunks/node_modules_next_dist_compiled_react-server-dom-turbopack_0p3wegg._.js:2502:221)
    at progress (http://localhost:3002/_next/static/chunks/node_modules_next_dist_compiled_react-server-dom-turbopack_0p3wegg._.js:2689:13) @ http://localhost:3002/_next/static/chunks/node_modules_next_dist_115brz8._.js:3272
[ 2548689ms] [ERROR] %o

%s Error: column response_formats.deleted_at does not exist
    at getResponseFormats (about://React/Server/file:///Users/jasonhunt/projects/talent-fit/.next/dev/server/chunks/ssr/_0tjp2f9._.js?116:603:22)
    at  ResponseFormatsPage (about://React/Server/file:///Users/jasonhunt/projects/talent-fit/.next/dev/server/chunks/ssr/%5Broot-of-the-server%5D__0g0~8kp._.js?117:76:21)
    at resolveErrorDev (http://localhost:3002/_next/static/chunks/node_modules_next_dist_compiled_react-server-dom-turbopack_0p3wegg._.js:1919:150)
    at processFullStringRow (http://localhost:3002/_next/static/chunks/node_modules_next_dist_compiled_react-server-dom-turbopack_0p3wegg._.js:2434:29)
    at processFullBinaryRow (http://localhost:3002/_next/static/chunks/node_modules_next_dist_compiled_react-server-dom-turbopack_0p3wegg._.js:2393:9)
    at processBinaryChunk (http://localhost:3002/_next/static/chunks/node_modules_next_dist_compiled_react-server-dom-turbopack_0p3wegg._.js:2502:221)
    at progress (http://localhost:3002/_next/static/chunks/node_modules_next_dist_compiled_react-server-dom-turbopack_0p3wegg._.js:2689:13) The above error occurred in the <ResponseFormatsPage> component. It was handled by the <ErrorBoundaryHandler> error boundary. @ http://localhost:3002/_next/static/chunks/node_modules_next_dist_client_0fhqo1d._.js:1998
[ 2548691ms] [ERROR] Error: column response_formats.deleted_at does not exist
    at getResponseFormats (about://React/Server/file:///Users/jasonhunt/projects/talent-fit/.next/dev/server/chunks/ssr/_0tjp2f9._.js?116:603:22)
    at  ResponseFormatsPage (about://React/Server/file:///Users/jasonhunt/projects/talent-fit/.next/dev/server/chunks/ssr/%5Broot-of-the-server%5D__0g0~8kp._.js?117:76:21)
    at resolveErrorDev (http://localhost:3002/_next/static/chunks/node_modules_next_dist_compiled_react-server-dom-turbopack_0p3wegg._.js:1919:150)
    at processFullStringRow (http://localhost:3002/_next/static/chunks/node_modules_next_dist_compiled_react-server-dom-turbopack_0p3wegg._.js:2434:29)
    at processFullBinaryRow (http://localhost:3002/_next/static/chunks/node_modules_next_dist_compiled_react-server-dom-turbopack_0p3wegg._.js:2393:9)
    at processBinaryChunk (http://localhost:3002/_next/static/chunks/node_modules_next_dist_compiled_react-server-dom-turbopack_0p3wegg._.js:2502:221)
    at progress (http://localhost:3002/_next/static/chunks/node_modules_next_dist_compiled_react-server-dom-turbopack_0p3wegg._.js:2689:13) @ http://localhost:3002/_next/static/chunks/node_modules_next_dist_115brz8._.js:3272
[ 2548692ms] [ERROR] Error: column response_formats.deleted_at does not exist
    at getResponseFormats (about://React/Server/file:///Users/jasonhunt/projects/talent-fit/.next/dev/server/chunks/ssr/_0tjp2f9._.js?116:603:22)
    at  ResponseFormatsPage (about://React/Server/file:///Users/jasonhunt/projects/talent-fit/.next/dev/server/chunks/ssr/%5Broot-of-the-server%5D__0g0~8kp._.js?117:76:21)
    at resolveErrorDev (http://localhost:3002/_next/static/chunks/node_modules_next_dist_compiled_react-server-dom-turbopack_0p3wegg._.js:1919:150)
    at processFullStringRow (http://localhost:3002/_next/static/chunks/node_modules_next_dist_compiled_react-server-dom-turbopack_0p3wegg._.js:2434:29)
    at processFullBinaryRow (http://localhost:3002/_next/static/chunks/node_modules_next_dist_compiled_react-server-dom-turbopack_0p3wegg._.js:2393:9)
    at processBinaryChunk (http://localhost:3002/_next/static/chunks/node_modules_next_dist_compiled_react-server-dom-turbopack_0p3wegg._.js:2502:221)
    at progress (http://localhost:3002/_next/static/chunks/node_modules_next_dist_compiled_react-server-dom-turbopack_0p3wegg._.js:2689:13) @ http://localhost:3002/_next/static/chunks/node_modules_next_dist_115brz8._.js:3272
[ 2553522ms] [ERROR] %o

%s Error: column forced_choice_blocks.deleted_at does not exist
    at getForcedChoiceBlocks (about://React/Server/file:///Users/jasonhunt/projects/talent-fit/.next/dev/server/chunks/ssr/_0oe0tv7._.js?138:642:22)
    at  ForcedChoiceBlocksPage (about://React/Server/file:///Users/jasonhunt/projects/talent-fit/.next/dev/server/chunks/ssr/%5Broot-of-the-server%5D__0cztxr6._.js?139:76:20)
    at resolveErrorDev (http://localhost:3002/_next/static/chunks/node_modules_next_dist_compiled_react-server-dom-turbopack_0p3wegg._.js:1919:150)
    at processFullStringRow (http://localhost:3002/_next/static/chunks/node_modules_next_dist_compiled_react-server-dom-turbopack_0p3wegg._.js:2434:29)
    at processFullBinaryRow (http://localhost:3002/_next/static/chunks/node_modules_next_dist_compiled_react-server-dom-turbopack_0p3wegg._.js:2393:9)
    at processBinaryChunk (http://localhost:3002/_next/static/chunks/node_modules_next_dist_compiled_react-server-dom-turbopack_0p3wegg._.js:2502:221)
    at progress (http://localhost:3002/_next/static/chunks/node_modules_next_dist_compiled_react-server-dom-turbopack_0p3wegg._.js:2689:13) The above error occurred in the <ForcedChoiceBlocksPage> component. It was handled by the <ErrorBoundaryHandler> error boundary. @ http://localhost:3002/_next/static/chunks/node_modules_next_dist_client_0fhqo1d._.js:1998
[ 2553524ms] [ERROR] Error: column forced_choice_blocks.deleted_at does not exist
    at getForcedChoiceBlocks (about://React/Server/file:///Users/jasonhunt/projects/talent-fit/.next/dev/server/chunks/ssr/_0oe0tv7._.js?138:642:22)
    at  ForcedChoiceBlocksPage (about://React/Server/file:///Users/jasonhunt/projects/talent-fit/.next/dev/server/chunks/ssr/%5Broot-of-the-server%5D__0cztxr6._.js?139:76:20)
    at resolveErrorDev (http://localhost:3002/_next/static/chunks/node_modules_next_dist_compiled_react-server-dom-turbopack_0p3wegg._.js:1919:150)
    at processFullStringRow (http://localhost:3002/_next/static/chunks/node_modules_next_dist_compiled_react-server-dom-turbopack_0p3wegg._.js:2434:29)
    at processFullBinaryRow (http://localhost:3002/_next/static/chunks/node_modules_next_dist_compiled_react-server-dom-turbopack_0p3wegg._.js:2393:9)
    at processBinaryChunk (http://localhost:3002/_next/static/chunks/node_modules_next_dist_compiled_react-server-dom-turbopack_0p3wegg._.js:2502:221)
    at progress (http://localhost:3002/_next/static/chunks/node_modules_next_dist_compiled_react-server-dom-turbopack_0p3wegg._.js:2689:13) @ http://localhost:3002/_next/static/chunks/node_modules_next_dist_115brz8._.js:3272
[ 2553524ms] [ERROR] Error: column forced_choice_blocks.deleted_at does not exist
    at getForcedChoiceBlocks (about://React/Server/file:///Users/jasonhunt/projects/talent-fit/.next/dev/server/chunks/ssr/_0oe0tv7._.js?138:642:22)
    at  ForcedChoiceBlocksPage (about://React/Server/file:///Users/jasonhunt/projects/talent-fit/.next/dev/server/chunks/ssr/%5Broot-of-the-server%5D__0cztxr6._.js?139:76:20)
    at resolveErrorDev (http://localhost:3002/_next/static/chunks/node_modules_next_dist_compiled_react-server-dom-turbopack_0p3wegg._.js:1919:150)
    at processFullStringRow (http://localhost:3002/_next/static/chunks/node_modules_next_dist_compiled_react-server-dom-turbopack_0p3wegg._.js:2434:29)
    at processFullBinaryRow (http://localhost:3002/_next/static/chunks/node_modules_next_dist_compiled_react-server-dom-turbopack_0p3wegg._.js:2393:9)
    at processBinaryChunk (http://localhost:3002/_next/static/chunks/node_modules_next_dist_compiled_react-server-dom-turbopack_0p3wegg._.js:2502:221)
    at progress (http://localhost:3002/_next/static/chunks/node_modules_next_dist_compiled_react-server-dom-turbopack_0p3wegg._.js:2689:13) @ http://localhost:3002/_next/static/chunks/node_modules_next_dist_115brz8._.js:3272
[ 2723486ms] [ERROR] %o

%s Error: column forced_choice_blocks.deleted_at does not exist
    at getForcedChoiceBlocks (about://React/Server/file:///Users/jasonhunt/projects/talent-fit/.next/dev/server/chunks/ssr/_0oe0tv7._.js?66:642:22)
    at  ForcedChoiceBlocksPage (about://React/Server/file:///Users/jasonhunt/projects/talent-fit/.next/dev/server/chunks/ssr/%5Broot-of-the-server%5D__0cztxr6._.js?67:76:20)
    at resolveErrorDev (http://localhost:3002/_next/static/chunks/node_modules_next_dist_compiled_react-server-dom-turbopack_0p3wegg._.js:1919:150)
    at processFullStringRow (http://localhost:3002/_next/static/chunks/node_modules_next_dist_compiled_react-server-dom-turbopack_0p3wegg._.js:2434:29)
    at processFullBinaryRow (http://localhost:3002/_next/static/chunks/node_modules_next_dist_compiled_react-server-dom-turbopack_0p3wegg._.js:2393:9)
    at processBinaryChunk (http://localhost:3002/_next/static/chunks/node_modules_next_dist_compiled_react-server-dom-turbopack_0p3wegg._.js:2502:221)
    at progress (http://localhost:3002/_next/static/chunks/node_modules_next_dist_compiled_react-server-dom-turbopack_0p3wegg._.js:2689:13) The above error occurred in the <ForcedChoiceBlocksPage> component. It was handled by the <ErrorBoundaryHandler> error boundary. @ http://localhost:3002/_next/static/chunks/node_modules_next_dist_client_0fhqo1d._.js:1998
[ 2723492ms] [ERROR] Error: column forced_choice_blocks.deleted_at does not exist
    at getForcedChoiceBlocks (about://React/Server/file:///Users/jasonhunt/projects/talent-fit/.next/dev/server/chunks/ssr/_0oe0tv7._.js?66:642:22)
    at  ForcedChoiceBlocksPage (about://React/Server/file:///Users/jasonhunt/projects/talent-fit/.next/dev/server/chunks/ssr/%5Broot-of-the-server%5D__0cztxr6._.js?67:76:20)
    at resolveErrorDev (http://localhost:3002/_next/static/chunks/node_modules_next_dist_compiled_react-server-dom-turbopack_0p3wegg._.js:1919:150)
    at processFullStringRow (http://localhost:3002/_next/static/chunks/node_modules_next_dist_compiled_react-server-dom-turbopack_0p3wegg._.js:2434:29)
    at processFullBinaryRow (http://localhost:3002/_next/static/chunks/node_modules_next_dist_compiled_react-server-dom-turbopack_0p3wegg._.js:2393:9)
    at processBinaryChunk (http://localhost:3002/_next/static/chunks/node_modules_next_dist_compiled_react-server-dom-turbopack_0p3wegg._.js:2502:221)
    at progress (http://localhost:3002/_next/static/chunks/node_modules_next_dist_compiled_react-server-dom-turbopack_0p3wegg._.js:2689:13) @ http://localhost:3002/_next/static/chunks/node_modules_next_dist_115brz8._.js:3272
[ 2723493ms] [ERROR] Error: column forced_choice_blocks.deleted_at does not exist
    at getForcedChoiceBlocks (about://React/Server/file:///Users/jasonhunt/projects/talent-fit/.next/dev/server/chunks/ssr/_0oe0tv7._.js?66:642:22)
    at  ForcedChoiceBlocksPage (about://React/Server/file:///Users/jasonhunt/projects/talent-fit/.next/dev/server/chunks/ssr/%5Broot-of-the-server%5D__0cztxr6._.js?67:76:20)
    at resolveErrorDev (http://localhost:3002/_next/static/chunks/node_modules_next_dist_compiled_react-server-dom-turbopack_0p3wegg._.js:1919:150)
    at processFullStringRow (http://localhost:3002/_next/static/chunks/node_modules_next_dist_compiled_react-server-dom-turbopack_0p3wegg._.js:2434:29)
    at processFullBinaryRow (http://localhost:3002/_next/static/chunks/node_modules_next_dist_compiled_react-server-dom-turbopack_0p3wegg._.js:2393:9)
    at processBinaryChunk (http://localhost:3002/_next/static/chunks/node_modules_next_dist_compiled_react-server-dom-turbopack_0p3wegg._.js:2502:221)
    at progress (http://localhost:3002/_next/static/chunks/node_modules_next_dist_compiled_react-server-dom-turbopack_0p3wegg._.js:2689:13) @ http://localhost:3002/_next/static/chunks/node_modules_next_dist_115brz8._.js:3272
