[      45ms] [INFO] %cDownload the React DevTools for a better development experience: https://react.dev/link/react-devtools font-weight:bold @ http://localhost:3002/_next/static/chunks/node_modules_next_dist_115brz8._.js:2431
[      58ms] [LOG] [HMR] connected @ http://localhost:3002/_next/static/chunks/node_modules_next_dist_115brz8._.js:2431
[   34451ms] [LOG] [Fast Refresh] rebuilding @ http://localhost:3002/_next/static/chunks/node_modules_next_dist_115brz8._.js:2431
[   34787ms] [LOG] [Fast Refresh] done in 436ms @ http://localhost:3002/_next/static/chunks/node_modules_next_dist_115brz8._.js:2431
[   34889ms] [LOG] [Fast Refresh] rebuilding @ http://localhost:3002/_next/static/chunks/node_modules_next_dist_115brz8._.js:2431
[   35286ms] [LOG] [Fast Refresh] done in 498ms @ http://localhost:3002/_next/static/chunks/node_modules_next_dist_115brz8._.js:2431
[   35387ms] [LOG] [Fast Refresh] rebuilding @ http://localhost:3002/_next/static/chunks/node_modules_next_dist_115brz8._.js:2431
[   69410ms] [LOG] [Fast Refresh] done in 34124ms @ http://localhost:3002/_next/static/chunks/node_modules_next_dist_115brz8._.js:2431
[   69513ms] [LOG] [Fast Refresh] rebuilding @ http://localhost:3002/_next/static/chunks/node_modules_next_dist_115brz8._.js:2431
[  128751ms] [ERROR] WebSocket connection to 'ws://localhost:3002/_next/webpack-hmr?id=J6aH71_otmQVdqzXjfBAm' failed: Error in connection establishment: net::ERR_CONNECTION_REFUSED @ http://localhost:3002/_next/static/chunks/node_modules_next_dist_client_0fhqo1d._.js:13299
[  129754ms] [ERROR] WebSocket connection to 'ws://localhost:3002/_next/webpack-hmr?id=J6aH71_otmQVdqzXjfBAm' failed: Error in connection establishment: net::ERR_CONNECTION_REFUSED @ http://localhost:3002/_next/static/chunks/node_modules_next_dist_client_0fhqo1d._.js:13299
[  130756ms] [ERROR] WebSocket connection to 'ws://localhost:3002/_next/webpack-hmr?id=J6aH71_otmQVdqzXjfBAm' failed: Error in connection establishment: net::ERR_CONNECTION_REFUSED @ http://localhost:3002/_next/static/chunks/node_modules_next_dist_client_0fhqo1d._.js:13299
[  131758ms] [ERROR] WebSocket connection to 'ws://localhost:3002/_next/webpack-hmr?id=J6aH71_otmQVdqzXjfBAm' failed: Error in connection establishment: net::ERR_CONNECTION_REFUSED @ http://localhost:3002/_next/static/chunks/node_modules_next_dist_client_0fhqo1d._.js:13299
[  132760ms] [ERROR] WebSocket connection to 'ws://localhost:3002/_next/webpack-hmr?id=J6aH71_otmQVdqzXjfBAm' failed: Error in connection establishment: net::ERR_CONNECTION_REFUSED @ http://localhost:3002/_next/static/chunks/node_modules_next_dist_client_0fhqo1d._.js:13299
[  137767ms] [ERROR] WebSocket connection to 'ws://localhost:3002/_next/webpack-hmr?id=J6aH71_otmQVdqzXjfBAm' failed: Error in connection establishment: net::ERR_CONNECTION_REFUSED @ http://localhost:3002/_next/static/chunks/node_modules_next_dist_client_0fhqo1d._.js:13299
[  142769ms] [ERROR] WebSocket connection to 'ws://localhost:3002/_next/webpack-hmr?id=J6aH71_otmQVdqzXjfBAm' failed: Error in connection establishment: net::ERR_CONNECTION_REFUSED @ http://localhost:3002/_next/static/chunks/node_modules_next_dist_client_0fhqo1d._.js:13299
[  147771ms] [ERROR] WebSocket connection to 'ws://localhost:3002/_next/webpack-hmr?id=J6aH71_otmQVdqzXjfBAm' failed: Error in connection establishment: net::ERR_CONNECTION_REFUSED @ http://localhost:3002/_next/static/chunks/node_modules_next_dist_client_0fhqo1d._.js:13299
[  152774ms] [ERROR] WebSocket connection to 'ws://localhost:3002/_next/webpack-hmr?id=J6aH71_otmQVdqzXjfBAm' failed: Error in connection establishment: net::ERR_CONNECTION_REFUSED @ http://localhost:3002/_next/static/chunks/node_modules_next_dist_client_0fhqo1d._.js:13299
[  157780ms] [ERROR] WebSocket connection to 'ws://localhost:3002/_next/webpack-hmr?id=J6aH71_otmQVdqzXjfBAm' failed: Error in connection establishment: net::ERR_CONNECTION_REFUSED @ http://localhost:3002/_next/static/chunks/node_modules_next_dist_client_0fhqo1d._.js:13299
[  162782ms] [ERROR] WebSocket connection to 'ws://localhost:3002/_next/webpack-hmr?id=J6aH71_otmQVdqzXjfBAm' failed: Error in connection establishment: net::ERR_CONNECTION_REFUSED @ http://localhost:3002/_next/static/chunks/node_modules_next_dist_client_0fhqo1d._.js:13299
[  167784ms] [ERROR] WebSocket connection to 'ws://localhost:3002/_next/webpack-hmr?id=J6aH71_otmQVdqzXjfBAm' failed: Error in connection establishment: net::ERR_CONNECTION_REFUSED @ http://localhost:3002/_next/static/chunks/node_modules_next_dist_client_0fhqo1d._.js:13299
